<?xml version="1.0" encoding="UTF-8"?>
<coverage generated="1673753037249" clover="3.2.0">
  <project timestamp="1673753037249" name="All files">
    <metrics statements="6" coveredstatements="6" conditionals="0" coveredconditionals="0" methods="3" coveredmethods="3" elements="9" coveredelements="9" complexity="0" loc="6" ncloc="6" packages="1" files="1" classes="1"/>
    <file name="http-service.ts" path="/home/gabriel/projects/drink-it-api/src/core/utils/services/http-service/http-service.ts">
      <metrics statements="6" coveredstatements="6" conditionals="0" coveredconditionals="0" methods="3" coveredmethods="3"/>
      <line num="4" count="1" type="stmt"/>
      <line num="5" count="2" type="stmt"/>
      <line num="8" count="1" type="stmt"/>
      <line num="9" count="1" type="stmt"/>
      <line num="13" count="1" type="stmt"/>
      <line num="14" count="1" type="stmt"/>
    </file>
  </project>
</coverage>
