{"/home/gabriel/projects/drink-it-api/src/core/utils/services/http-service/http-service.ts": {"path":"/home/gabriel/projects/drink-it-api/src/core/utils/services/http-service/http-service.ts","statementMap":{"0":{"start":{"line":5,"column":31},"end":{"line":5,"column":44}},"1":{"start":{"line":8,"column":21},"end":{"line":8,"column":58}},"2":{"start":{"line":9,"column":4},"end":{"line":9,"column":16}},"3":{"start":{"line":13,"column":21},"end":{"line":13,"column":68}},"4":{"start":{"line":14,"column":4},"end":{"line":14,"column":16}},"5":{"start":{"line":4,"column":0},"end":{"line":4,"column":21}}},"fnMap":{"0":{"name":"(anonymous_7)","decl":{"start":{"line":5,"column":2},"end":{"line":5,"column":31}},"loc":{"start":{"line":5,"column":44},"end":{"line":5,"column":49}}},"1":{"name":"(anonymous_8)","decl":{"start":{"line":7,"column":8},"end":{"line":7,"column":11}},"loc":{"start":{"line":7,"column":55},"end":{"line":10,"column":null}}},"2":{"name":"(anonymous_10)","decl":{"start":{"line":12,"column":8},"end":{"line":12,"column":12}},"loc":{"start":{"line":12,"column":74},"end":{"line":15,"column":null}}}},"branchMap":{},"s":{"0":2,"1":1,"2":1,"3":1,"4":1,"5":1},"f":{"0":2,"1":1,"2":1},"b":{}}
}
